Performing C SOURCE FILE Test CMAKE_HAVE_LIBC_PTHREAD failed with the following output:
Change Dir: /root/autodl-tmp/colmap/CMakeFiles/CMakeTmp

Run Build Command(s):/usr/bin/make cmTC_c90b7/fast && /usr/bin/make -f CMakeFiles/cmTC_c90b7.dir/build.make CMakeFiles/cmTC_c90b7.dir/build
make[1]: Entering directory '/root/autodl-tmp/colmap/CMakeFiles/CMakeTmp'
Building C object CMakeFiles/cmTC_c90b7.dir/src.c.o
/usr/bin/cc   -fPIC -DCMAKE_HAVE_LIBC_PTHREAD -fPIE   -o CMakeFiles/cmTC_c90b7.dir/src.c.o   -c /root/autodl-tmp/colmap/CMakeFiles/CMakeTmp/src.c
Linking C executable cmTC_c90b7
/usr/bin/cmake -E cmake_link_script CMakeFiles/cmTC_c90b7.dir/link.txt --verbose=1
/usr/bin/cc -fPIC -DCMAKE_HAVE_LIBC_PTHREAD    CMakeFiles/cmTC_c90b7.dir/src.c.o  -o cmTC_c90b7 
/usr/bin/ld: CMakeFiles/cmTC_c90b7.dir/src.c.o: in function `main':
src.c:(.text+0x46): undefined reference to `pthread_create'
/usr/bin/ld: src.c:(.text+0x52): undefined reference to `pthread_detach'
/usr/bin/ld: src.c:(.text+0x63): undefined reference to `pthread_join'
collect2: error: ld returned 1 exit status
make[1]: *** [CMakeFiles/cmTC_c90b7.dir/build.make:87: cmTC_c90b7] Error 1
make[1]: Leaving directory '/root/autodl-tmp/colmap/CMakeFiles/CMakeTmp'
make: *** [Makefile:121: cmTC_c90b7/fast] Error 2


Source file was:
#include <pthread.h>

void* test_func(void* data)
{
  return data;
}

int main(void)
{
  pthread_t thread;
  pthread_create(&thread, NULL, test_func, NULL);
  pthread_detach(thread);
  pthread_join(thread, NULL);
  pthread_atfork(NULL, NULL, NULL);
  pthread_exit(NULL);

  return 0;
}

Determining if the function pthread_create exists in the pthreads failed with the following output:
Change Dir: /root/autodl-tmp/colmap/CMakeFiles/CMakeTmp

Run Build Command(s):/usr/bin/make cmTC_5861d/fast && /usr/bin/make -f CMakeFiles/cmTC_5861d.dir/build.make CMakeFiles/cmTC_5861d.dir/build
make[1]: Entering directory '/root/autodl-tmp/colmap/CMakeFiles/CMakeTmp'
Building C object CMakeFiles/cmTC_5861d.dir/CheckFunctionExists.c.o
/usr/bin/cc   -fPIC -DCHECK_FUNCTION_EXISTS=pthread_create -fPIE   -o CMakeFiles/cmTC_5861d.dir/CheckFunctionExists.c.o   -c /usr/share/cmake-3.16/Modules/CheckFunctionExists.c
Linking C executable cmTC_5861d
/usr/bin/cmake -E cmake_link_script CMakeFiles/cmTC_5861d.dir/link.txt --verbose=1
/usr/bin/cc -fPIC -DCHECK_FUNCTION_EXISTS=pthread_create    CMakeFiles/cmTC_5861d.dir/CheckFunctionExists.c.o  -o cmTC_5861d  -lpthreads 
/usr/bin/ld: cannot find -lpthreads
collect2: error: ld returned 1 exit status
make[1]: *** [CMakeFiles/cmTC_5861d.dir/build.make:87: cmTC_5861d] Error 1
make[1]: Leaving directory '/root/autodl-tmp/colmap/CMakeFiles/CMakeTmp'
make: *** [Makefile:121: cmTC_5861d/fast] Error 2



